TN:
SF:src/app/App.tsx
FN:6,App
FN:7,(anonymous_1)
FNF:2
FNH:0
FNDA:0,App
FNDA:0,(anonymous_1)
DA:7,0
DA:8,0
DA:11,0
LF:3
LH:0
BRF:0
BRH:0
end_of_record
TN:
SF:src/app/routes.tsx
FNF:0
FNH:0
DA:12,0
LF:1
LH:0
BRF:0
BRH:0
end_of_record
TN:
SF:src/app/api/audit.ts
FN:5,getAuditLogs
FN:30,mapAuditLog
FNF:2
FNH:0
FNDA:0,getAuditLogs
FNDA:0,mapAuditLog
DA:13,0
DA:14,0
DA:15,0
DA:16,0
DA:17,0
DA:18,0
DA:19,0
DA:20,0
DA:22,0
DA:23,0
DA:31,0
LF:11
LH:0
BRDA:14,0,0,0
BRDA:14,0,1,0
BRDA:15,1,0,0
BRDA:15,1,1,0
BRDA:16,2,0,0
BRDA:16,2,1,0
BRDA:17,3,0,0
BRDA:17,3,1,0
BRDA:17,4,0,0
BRDA:17,4,1,0
BRDA:19,5,0,0
BRDA:19,5,1,0
BRDA:20,6,0,0
BRDA:20,6,1,0
BRDA:23,7,0,0
BRDA:23,7,1,0
BRDA:38,8,0,0
BRDA:38,8,1,0
BRDA:41,9,0,0
BRDA:41,9,1,0
BRF:20
BRH:0
end_of_record
TN:
SF:src/app/api/auth.ts
FN:10,getLoginUrl
FN:14,getMe
FN:18,logout
FN:22,revokeAllSessions
FN:28,refreshToken
FNF:5
FNH:0
FNDA:0,getLoginUrl
FNDA:0,getMe
FNDA:0,logout
FNDA:0,revokeAllSessions
FNDA:0,refreshToken
DA:11,0
DA:15,0
DA:19,0
DA:23,0
DA:29,0
LF:5
LH:0
BRF:0
BRH:0
end_of_record
TN:
SF:src/app/api/charts.ts
FN:4,getDrawings
FN:13,createDrawing
FN:28,updateDrawing
FN:39,deleteDrawing
FN:49,computeIndicators
FNF:5
FNH:0
FNDA:0,getDrawings
FNDA:0,createDrawing
FNDA:0,updateDrawing
FNDA:0,deleteDrawing
FNDA:0,computeIndicators
DA:8,0
DA:22,0
DA:33,0
DA:43,0
DA:56,0
DA:63,0
LF:6
LH:0
BRF:0
BRH:0
end_of_record
TN:
SF:src/app/api/client.ts
FN:10,(anonymous_0)
FN:21,apiFetch
FNF:2
FNH:0
FNDA:0,(anonymous_0)
FNDA:0,apiFetch
DA:12,0
DA:14,0
DA:15,0
DA:19,0
DA:26,0
DA:28,0
DA:34,0
DA:35,0
DA:41,0
DA:44,0
DA:45,0
DA:47,0
DA:50,0
DA:51,0
DA:52,0
DA:53,0
DA:54,0
DA:55,0
DA:62,0
DA:66,0
DA:67,0
DA:70,0
LF:22
LH:0
BRDA:23,0,0,0
BRDA:26,1,0,0
BRDA:26,1,1,0
BRDA:26,1,2,0
BRDA:29,2,0,0
BRDA:29,2,1,0
BRDA:44,3,0,0
BRDA:44,3,1,0
BRDA:50,4,0,0
BRDA:50,4,1,0
BRDA:54,5,0,0
BRDA:54,5,1,0
BRDA:55,6,0,0
BRDA:55,6,1,0
BRDA:66,7,0,0
BRDA:66,7,1,0
BRF:16
BRH:0
end_of_record
TN:
SF:src/app/api/gtt.ts
FN:12,getGtts
FN:16,placeGtt
FN:23,modifyGtt
FN:33,deleteGtt
FN:41,mapGtt
FNF:5
FNH:0
FNDA:0,getGtts
FNDA:0,placeGtt
FNDA:0,modifyGtt
FNDA:0,deleteGtt
FNDA:0,mapGtt
DA:13,0
DA:17,0
DA:27,0
DA:34,0
DA:42,0
LF:5
LH:0
BRDA:50,0,0,0
BRDA:50,0,1,0
BRDA:51,1,0,0
BRDA:51,1,1,0
BRDA:53,2,0,0
BRDA:53,2,1,0
BRDA:54,3,0,0
BRDA:54,3,1,0
BRDA:55,4,0,0
BRDA:55,4,1,0
BRDA:56,5,0,0
BRDA:56,5,1,0
BRF:12
BRH:0
end_of_record
TN:
SF:src/app/api/instruments.ts
FN:4,searchInstruments
FN:15,getInstrument
FNF:2
FNH:0
FNDA:0,searchInstruments
FNDA:0,getInstrument
DA:8,0
DA:9,0
DA:10,0
DA:16,0
LF:4
LH:0
BRDA:9,0,0,0
BRDA:9,0,1,0
BRF:2
BRH:0
end_of_record
TN:
SF:src/app/api/kpis.ts
FN:9,listKpis
FN:13,createKpi
FN:25,updateKpi
FN:42,deleteKpi
FN:46,computeKpi
FN:60,getKpiPortfolio
FN:68,mapKpi
FNF:7
FNH:0
FNDA:0,listKpis
FNDA:0,createKpi
FNDA:0,updateKpi
FNDA:0,deleteKpi
FNDA:0,computeKpi
FNDA:0,getKpiPortfolio
FNDA:0,mapKpi
DA:10,0
DA:19,0
DA:36,0
DA:43,0
DA:54,0
DA:61,0
DA:69,0
LF:7
LH:0
BRDA:74,0,0,0
BRDA:74,0,1,0
BRF:2
BRH:0
end_of_record
TN:
SF:src/app/api/orders.ts
FN:12,getOrders
FN:16,placeOrder
FN:23,modifyOrder
FN:39,cancelOrder
FN:49,getOrderHistory
FN:61,mapOrder
FNF:6
FNH:0
FNDA:0,getOrders
FNDA:0,placeOrder
FNDA:0,modifyOrder
FNDA:0,cancelOrder
FNDA:0,getOrderHistory
FNDA:0,mapOrder
DA:13,0
DA:17,0
DA:33,0
DA:43,0
DA:52,0
DA:62,0
LF:6
LH:0
BRDA:41,0,0,0
BRDA:74,1,0,0
BRDA:74,1,1,0
BRDA:77,2,0,0
BRDA:77,2,1,0
BRF:5
BRH:0
end_of_record
TN:
SF:src/app/api/portfolio.ts
FN:12,getHoldings
FN:16,getPositions
FN:20,getMargins
FN:24,getPortfolioSummary
FN:32,mapHolding
FN:50,mapPosition
FN:63,mapMargins
FNF:7
FNH:0
FNDA:0,getHoldings
FNDA:0,getPositions
FNDA:0,getMargins
FNDA:0,getPortfolioSummary
FNDA:0,mapHolding
FNDA:0,mapPosition
FNDA:0,mapMargins
DA:13,0
DA:17,0
DA:21,0
DA:25,0
DA:33,0
DA:51,0
DA:64,0
LF:7
LH:0
BRF:0
BRH:0
end_of_record
TN:
SF:src/app/api/types.ts
FNF:0
FNH:0
LF:0
LH:0
BRF:0
BRH:0
end_of_record
TN:
SF:src/app/components/AppShell.tsx
FN:27,getInitials
FN:30,(anonymous_1)
FN:36,AppShell
FN:43,(anonymous_3)
FN:44,(anonymous_4)
FN:72,(anonymous_5)
FN:76,(anonymous_6)
FN:80,(anonymous_7)
FN:85,(anonymous_8)
FN:99,(anonymous_9)
FN:195,(anonymous_10)
FN:201,(anonymous_11)
FN:220,(anonymous_12)
FNF:13
FNH:8
FNDA:20,getInitials
FNDA:40,(anonymous_1)
FNDA:20,AppShell
FNDA:20,(anonymous_3)
FNDA:20,(anonymous_4)
FNDA:0,(anonymous_5)
FNDA:0,(anonymous_6)
FNDA:0,(anonymous_7)
FNDA:0,(anonymous_8)
FNDA:140,(anonymous_9)
FNDA:0,(anonymous_10)
FNDA:1,(anonymous_11)
FNDA:100,(anonymous_12)
DA:28,20
DA:30,40
DA:37,20
DA:38,20
DA:39,20
DA:40,20
DA:41,20
DA:43,20
DA:44,20
DA:47,20
DA:49,20
DA:50,20
DA:51,20
DA:52,20
DA:53,20
DA:54,20
DA:62,20
DA:64,20
DA:72,20
DA:73,0
DA:76,20
DA:77,0
DA:80,20
DA:81,0
DA:82,0
DA:85,20
DA:86,0
DA:87,0
DA:90,0
DA:94,0
DA:95,0
DA:96,0
DA:99,20
DA:100,140
DA:102,20
DA:103,20
DA:105,20
DA:195,0
DA:201,1
DA:221,100
DA:222,100
DA:223,100
LF:42
LH:31
BRDA:47,0,0,20
BRDA:47,0,1,20
BRDA:49,1,0,20
BRDA:49,1,1,0
BRDA:50,2,0,20
BRDA:50,2,1,0
BRDA:51,3,0,20
BRDA:51,3,1,0
BRDA:52,4,0,20
BRDA:52,4,1,0
BRDA:53,5,0,20
BRDA:53,5,1,0
BRDA:54,6,0,20
BRDA:54,6,1,0
BRDA:73,7,0,0
BRDA:73,7,1,0
BRDA:77,8,0,0
BRDA:77,8,1,0
BRDA:82,9,0,0
BRDA:82,9,1,0
BRDA:90,10,0,0
BRDA:90,10,1,0
BRDA:90,11,0,0
BRDA:90,11,1,0
BRDA:100,12,0,140
BRDA:100,12,1,120
BRDA:102,13,0,20
BRDA:102,13,1,6
BRDA:103,14,0,5
BRDA:103,14,1,15
BRDA:116,15,0,20
BRDA:116,15,1,0
BRDA:118,16,0,20
BRDA:118,16,1,0
BRDA:126,17,0,20
BRDA:126,17,1,0
BRDA:126,17,2,20
BRDA:157,18,0,14
BRDA:157,18,1,6
BRDA:158,19,0,14
BRDA:158,19,1,6
BRDA:159,20,0,14
BRDA:159,20,1,6
BRDA:187,21,0,20
BRDA:187,21,1,5
BRDA:213,22,0,0
BRDA:213,22,1,20
BRDA:213,23,0,20
BRDA:213,23,1,20
BRDA:214,24,0,5
BRDA:214,24,1,15
BRDA:228,25,0,20
BRDA:228,25,1,80
BRDA:233,26,0,100
BRDA:233,26,1,20
BRDA:236,27,0,100
BRDA:236,27,1,100
BRDA:236,27,2,0
BRDA:250,28,0,0
BRDA:250,28,1,20
BRDA:255,29,0,20
BRDA:255,29,1,0
BRDA:258,30,0,20
BRDA:258,30,1,20
BRDA:258,30,2,0
BRDA:267,31,0,20
BRDA:267,31,1,20
BRDA:267,31,2,0
BRDA:277,32,0,0
BRDA:277,32,1,20
BRDA:277,33,0,20
BRDA:277,33,1,20
BRDA:278,34,0,5
BRDA:278,34,1,15
BRDA:280,35,0,5
BRDA:280,35,1,15
BRF:76
BRH:50
end_of_record
TN:
SF:src/app/components/AuthGuard.tsx
FN:7,AuthGuard
FN:9,(anonymous_1)
FN:12,(anonymous_2)
FN:14,(anonymous_3)
FN:18,(anonymous_4)
FNF:5
FNH:4
FNDA:40,AuthGuard
FNDA:40,(anonymous_1)
FNDA:39,(anonymous_2)
FNDA:39,(anonymous_3)
FNDA:0,(anonymous_4)
DA:8,40
DA:9,40
DA:10,40
DA:12,40
DA:13,39
DA:15,39
DA:16,39
DA:19,0
DA:22,0
DA:26,0
DA:27,0
DA:30,0
DA:34,40
DA:35,19
DA:43,21
LF:15
LH:10
BRDA:19,0,0,0
BRDA:19,0,1,0
BRDA:22,1,0,0
BRDA:22,1,1,0
BRDA:22,2,0,0
BRDA:22,2,1,0
BRDA:22,2,2,0
BRDA:34,3,0,19
BRDA:34,3,1,21
BRDA:43,4,0,21
BRDA:43,4,1,0
BRF:11
BRH:3
end_of_record
TN:
SF:src/app/components/figma/ImageWithFallback.tsx
FN:6,ImageWithFallback
FN:21,(anonymous_1)
FNF:2
FNH:0
FNDA:0,ImageWithFallback
FNDA:0,(anonymous_1)
DA:4,0
DA:7,0
DA:9,0
DA:11,0
DA:21,0
LF:5
LH:0
BRDA:11,0,0,0
BRDA:11,0,1,0
BRDA:13,1,0,0
BRDA:13,1,1,0
BRF:4
BRH:0
end_of_record
TN:
SF:src/app/components/ui/button.tsx
FN:37,Button
FNF:1
FNH:0
FNDA:0,Button
DA:7,0
DA:47,0
DA:49,0
LF:3
LH:0
BRDA:41,0,0,0
BRDA:47,1,0,0
BRDA:47,1,1,0
BRF:3
BRH:0
end_of_record
TN:
SF:src/app/components/ui/dropdown-menu.tsx
FN:9,DropdownMenu
FN:15,DropdownMenuPortal
FN:23,DropdownMenuTrigger
FN:34,DropdownMenuContent
FN:54,DropdownMenuGroup
FN:62,DropdownMenuItem
FN:85,DropdownMenuCheckboxItem
FN:111,DropdownMenuRadioGroup
FN:122,DropdownMenuRadioItem
FN:146,DropdownMenuLabel
FN:166,DropdownMenuSeparator
FN:179,DropdownMenuShortcut
FN:195,DropdownMenuSub
FN:201,DropdownMenuSubTrigger
FN:225,DropdownMenuSubContent
FNF:15
FNH:5
FNDA:20,DropdownMenu
FNDA:0,DropdownMenuPortal
FNDA:20,DropdownMenuTrigger
FNDA:20,DropdownMenuContent
FNDA:0,DropdownMenuGroup
FNDA:12,DropdownMenuItem
FNDA:0,DropdownMenuCheckboxItem
FNDA:0,DropdownMenuRadioGroup
FNDA:0,DropdownMenuRadioItem
FNDA:0,DropdownMenuLabel
FNDA:12,DropdownMenuSeparator
FNDA:0,DropdownMenuShortcut
FNDA:0,DropdownMenuSub
FNDA:0,DropdownMenuSubTrigger
FNDA:0,DropdownMenuSubContent
DA:7,1
DA:12,20
DA:18,0
DA:26,20
DA:39,20
DA:57,0
DA:71,12
DA:91,0
DA:114,0
DA:127,0
DA:153,0
DA:170,12
DA:183,0
DA:198,0
DA:209,0
DA:229,0
LF:16
LH:6
BRDA:36,0,0,20
BRDA:65,1,0,12
BRF:2
BRH:2
end_of_record
TN:
SF:src/app/components/ui/separator.tsx
FN:8,Separator
FNF:1
FNH:0
FNDA:0,Separator
DA:6,0
DA:14,0
LF:2
LH:0
BRDA:10,0,0,0
BRDA:11,1,0,0
BRF:2
BRH:0
end_of_record
TN:
SF:src/app/components/ui/switch.tsx
FN:8,Switch
FNF:1
FNH:0
FNDA:0,Switch
DA:6,0
DA:12,0
LF:2
LH:0
BRF:0
BRH:0
end_of_record
TN:
SF:src/app/components/ui/utils.ts
FN:4,cn
FNF:1
FNH:1
FNDA:44,cn
DA:5,44
LF:1
LH:1
BRF:0
BRH:0
end_of_record
TN:
SF:src/app/data/localPrefs.ts
FN:29,_get
FN:37,_set
FN:45,_remove
FN:53,_getJson
FN:70,(anonymous_4)
FN:74,(anonymous_5)
FN:88,(anonymous_6)
FN:93,(anonymous_7)
FN:105,(anonymous_8)
FN:108,(anonymous_9)
FN:121,(anonymous_10)
FN:124,(anonymous_11)
FN:141,(anonymous_12)
FN:147,(anonymous_13)
FN:165,(anonymous_14)
FN:168,(anonymous_15)
FN:174,(anonymous_16)
FN:177,(anonymous_17)
FN:191,(anonymous_18)
FN:196,(anonymous_19)
FN:205,(anonymous_20)
FN:210,(anonymous_21)
FN:217,(anonymous_22)
FN:222,(anonymous_23)
FN:229,(anonymous_24)
FN:232,(anonymous_25)
FN:239,(anonymous_26)
FN:242,(anonymous_27)
FN:249,(anonymous_28)
FN:252,(anonymous_29)
FN:261,(anonymous_30)
FN:265,(anonymous_31)
FN:288,migrateLegacyPrefs
FNF:33
FNH:28
FNDA:42,_get
FNDA:20,_set
FNDA:4,_remove
FNDA:11,_getJson
FNDA:7,(anonymous_4)
FNDA:4,(anonymous_5)
FNDA:8,(anonymous_6)
FNDA:5,(anonymous_7)
FNDA:3,(anonymous_8)
FNDA:1,(anonymous_9)
FNDA:2,(anonymous_10)
FNDA:1,(anonymous_11)
FNDA:3,(anonymous_12)
FNDA:1,(anonymous_13)
FNDA:1,(anonymous_14)
FNDA:3,(anonymous_15)
FNDA:2,(anonymous_16)
FNDA:1,(anonymous_17)
FNDA:5,(anonymous_18)
FNDA:4,(anonymous_19)
FNDA:2,(anonymous_20)
FNDA:1,(anonymous_21)
FNDA:0,(anonymous_22)
FNDA:0,(anonymous_23)
FNDA:2,(anonymous_24)
FNDA:1,(anonymous_25)
FNDA:0,(anonymous_26)
FNDA:0,(anonymous_27)
FNDA:1,(anonymous_28)
FNDA:0,(anonymous_29)
FNDA:2,(anonymous_30)
FNDA:1,(anonymous_31)
FNDA:4,migrateLegacyPrefs
DA:30,42
DA:31,42
DA:33,0
DA:38,20
DA:39,20
DA:46,4
DA:47,4
DA:54,11
DA:55,11
DA:56,11
DA:58,2
DA:68,1
DA:71,7
DA:72,7
DA:75,4
DA:86,1
DA:89,8
DA:90,8
DA:91,8
DA:94,5
DA:103,1
DA:106,3
DA:109,1
DA:119,1
DA:122,2
DA:125,1
DA:139,1
DA:142,3
DA:148,1
DA:164,1
DA:166,1
DA:169,3
DA:175,2
DA:178,1
DA:189,1
DA:192,5
DA:193,5
DA:194,5
DA:197,4
DA:203,1
DA:206,2
DA:207,2
DA:208,2
DA:211,1
DA:215,1
DA:218,0
DA:219,0
DA:220,0
DA:223,0
DA:227,1
DA:230,2
DA:233,1
DA:237,1
DA:240,0
DA:243,0
DA:247,1
DA:250,1
DA:253,0
DA:259,1
DA:262,2
DA:286,1
DA:289,4
DA:290,4
DA:292,3
DA:293,3
DA:296,3
DA:297,1
DA:298,2
DA:299,0
DA:300,2
DA:301,0
DA:302,2
DA:303,0
DA:304,2
DA:305,0
DA:306,2
DA:307,0
DA:308,2
DA:309,0
DA:310,2
DA:311,0
DA:313,2
DA:316,1
LF:83
LH:68
BRDA:56,0,0,6
BRDA:56,0,1,5
BRDA:72,1,0,2
BRDA:72,1,1,5
BRDA:91,2,0,5
BRDA:91,2,1,3
BRDA:194,3,0,4
BRDA:194,3,1,1
BRDA:208,4,0,1
BRDA:208,4,1,1
BRDA:220,5,0,0
BRDA:220,5,1,0
BRDA:290,6,0,1
BRDA:290,6,1,3
BRDA:296,7,0,1
BRDA:296,7,1,2
BRDA:296,8,0,3
BRDA:296,8,1,2
BRDA:298,9,0,0
BRDA:298,9,1,2
BRDA:298,10,0,2
BRDA:298,10,1,0
BRDA:300,11,0,0
BRDA:300,11,1,2
BRDA:300,12,0,2
BRDA:300,12,1,0
BRDA:302,13,0,0
BRDA:302,13,1,2
BRDA:302,14,0,2
BRDA:302,14,1,0
BRDA:304,15,0,0
BRDA:304,15,1,2
BRDA:304,16,0,2
BRDA:304,16,1,0
BRDA:306,17,0,0
BRDA:306,17,1,2
BRDA:306,18,0,2
BRDA:306,18,1,0
BRDA:308,19,0,0
BRDA:308,19,1,2
BRDA:308,20,0,2
BRDA:308,20,1,0
BRDA:310,21,0,0
BRDA:310,21,1,2
BRDA:310,22,0,2
BRDA:310,22,1,0
BRF:46
BRH:30
end_of_record
TN:
SF:src/app/data/mockData.ts
FNF:0
FNH:0
DA:103,0
DA:110,0
DA:112,0
DA:292,0
DA:315,0
DA:364,0
DA:390,0
DA:512,0
LF:8
LH:0
BRF:0
BRH:0
end_of_record
TN:
SF:src/app/data/store.ts
FN:39,isFresh
FN:139,(anonymous_1)
FN:141,(anonymous_2)
FN:144,(anonymous_3)
FN:145,(anonymous_4)
FN:158,(anonymous_5)
FN:161,(anonymous_6)
FN:164,(anonymous_7)
FN:167,(anonymous_8)
FN:170,(anonymous_9)
FN:174,(anonymous_10)
FN:176,(anonymous_11)
FN:181,(anonymous_12)
FN:182,(anonymous_13)
FN:192,(anonymous_14)
FN:194,(anonymous_15)
FN:199,(anonymous_16)
FN:205,(anonymous_17)
FN:206,(anonymous_18)
FN:211,(anonymous_19)
FN:213,(anonymous_20)
FN:216,(anonymous_21)
FN:217,(anonymous_22)
FN:218,(anonymous_23)
FN:219,(anonymous_24)
FN:220,(anonymous_25)
FNF:26
FNH:3
FNDA:9,isFresh
FNDA:5,(anonymous_1)
FNDA:1,(anonymous_2)
FNDA:0,(anonymous_3)
FNDA:0,(anonymous_4)
FNDA:0,(anonymous_5)
FNDA:0,(anonymous_6)
FNDA:0,(anonymous_7)
FNDA:0,(anonymous_8)
FNDA:0,(anonymous_9)
FNDA:0,(anonymous_10)
FNDA:0,(anonymous_11)
FNDA:0,(anonymous_12)
FNDA:0,(anonymous_13)
FNDA:0,(anonymous_14)
FNDA:0,(anonymous_15)
FNDA:0,(anonymous_16)
FNDA:0,(anonymous_17)
FNDA:0,(anonymous_18)
FNDA:0,(anonymous_19)
FNDA:0,(anonymous_20)
FNDA:0,(anonymous_21)
FNDA:0,(anonymous_22)
FNDA:0,(anonymous_23)
FNDA:0,(anonymous_24)
FNDA:0,(anonymous_25)
DA:30,1
DA:40,9
DA:139,5
DA:141,1
DA:144,0
DA:145,0
DA:159,0
DA:162,0
DA:165,0
DA:168,0
DA:171,0
DA:175,0
DA:176,0
DA:182,0
DA:183,0
DA:184,0
DA:185,0
DA:187,0
DA:193,0
DA:194,0
DA:200,0
DA:201,0
DA:206,0
DA:211,0
DA:213,0
DA:216,0
DA:217,0
DA:218,0
DA:219,0
DA:220,0
LF:30
LH:4
BRDA:185,0,0,0
BRDA:185,0,1,0
BRF:2
BRH:0
end_of_record
TN:
SF:src/app/pages/AuditLog.tsx
FN:36,AuditLog
FN:52,(anonymous_1)
FN:74,(anonymous_2)
FN:78,(anonymous_3)
FN:80,(anonymous_4)
FN:87,(anonymous_5)
FN:102,(anonymous_6)
FN:106,(anonymous_7)
FN:107,(anonymous_8)
FN:116,(anonymous_9)
FN:136,(anonymous_10)
FN:146,(anonymous_11)
FN:155,(anonymous_12)
FN:163,(anonymous_13)
FN:166,(anonymous_14)
FN:175,(anonymous_15)
FN:200,(anonymous_16)
FN:208,(anonymous_17)
FN:216,(anonymous_18)
FN:227,(anonymous_19)
FN:242,(anonymous_20)
FN:247,(anonymous_21)
FNF:22
FNH:11
FNDA:30,AuditLog
FNDA:10,(anonymous_1)
FNDA:10,(anonymous_2)
FNDA:1,(anonymous_3)
FNDA:1,(anonymous_4)
FNDA:0,(anonymous_5)
FNDA:19,(anonymous_6)
FNDA:0,(anonymous_7)
FNDA:18,(anonymous_8)
FNDA:116,(anonymous_9)
FNDA:0,(anonymous_10)
FNDA:0,(anonymous_11)
FNDA:0,(anonymous_12)
FNDA:0,(anonymous_13)
FNDA:232,(anonymous_14)
FNDA:0,(anonymous_15)
FNDA:1,(anonymous_16)
FNDA:0,(anonymous_17)
FNDA:0,(anonymous_18)
FNDA:0,(anonymous_19)
FNDA:27,(anonymous_20)
FNDA:0,(anonymous_21)
DA:10,1
DA:22,1
DA:37,30
DA:38,30
DA:40,30
DA:41,30
DA:42,30
DA:43,30
DA:44,30
DA:45,30
DA:48,30
DA:49,30
DA:50,30
DA:52,30
DA:53,10
DA:54,10
DA:55,10
DA:63,10
DA:64,10
DA:66,0
DA:67,0
DA:70,10
DA:74,30
DA:75,10
DA:78,30
DA:79,1
DA:80,1
DA:82,0
DA:83,0
DA:87,30
DA:88,0
DA:89,0
DA:90,0
DA:91,0
DA:92,0
DA:96,30
DA:102,30
DA:105,19
DA:106,19
DA:107,19
DA:108,18
DA:109,18
DA:110,18
DA:111,18
DA:113,19
DA:116,30
DA:117,116
DA:118,29
DA:125,30
DA:136,0
DA:146,0
DA:155,0
DA:163,0
DA:167,232
DA:175,0
DA:200,1
DA:208,0
DA:216,0
DA:227,0
DA:243,27
DA:248,0
LF:61
LH:43
BRDA:56,0,0,10
BRDA:56,0,1,10
BRDA:57,1,0,10
BRDA:57,1,1,10
BRDA:58,2,0,10
BRDA:58,2,1,10
BRDA:59,3,0,0
BRDA:59,3,1,10
BRDA:66,4,0,0
BRDA:66,4,1,0
BRDA:66,5,0,0
BRDA:66,5,1,0
BRDA:67,6,0,0
BRDA:67,6,1,0
BRDA:79,7,0,1
BRDA:79,7,1,0
BRDA:80,8,0,0
BRDA:80,8,1,1
BRDA:96,9,0,30
BRDA:96,9,1,29
BRDA:96,9,2,29
BRDA:96,9,3,29
BRDA:96,9,4,29
BRDA:106,10,0,0
BRDA:106,10,1,19
BRDA:110,11,0,0
BRDA:110,11,1,18
BRDA:110,12,0,18
BRDA:110,12,1,0
BRDA:111,13,0,2
BRDA:111,13,1,16
BRDA:117,14,0,87
BRDA:117,14,1,29
BRDA:118,15,0,1
BRDA:118,15,1,28
BRDA:183,16,0,30
BRDA:183,16,1,0
BRDA:248,17,0,0
BRDA:248,17,1,0
BRDA:264,18,0,27
BRDA:264,18,1,0
BRDA:273,19,0,27
BRDA:273,19,1,27
BRDA:279,20,0,27
BRDA:279,20,1,0
BRDA:283,21,0,0
BRDA:283,21,1,0
BRDA:302,22,0,30
BRDA:302,22,1,20
BRDA:317,23,0,10
BRDA:317,23,1,19
BRF:51
BRH:32
end_of_record
TN:
SF:src/app/pages/Charts.tsx
FN:114,getDateRange
FN:124,getIndicatorName
FN:136,Charts
FN:160,(anonymous_3)
FN:161,(anonymous_4)
FN:163,(anonymous_5)
FN:166,(anonymous_6)
FN:167,(anonymous_7)
FN:168,(anonymous_8)
FN:171,(anonymous_9)
FN:177,(anonymous_10)
FN:179,(anonymous_11)
FN:184,(anonymous_12)
FN:188,(anonymous_13)
FN:191,(anonymous_14)
FN:195,(anonymous_15)
FN:200,load
FN:221,(anonymous_17)
FN:262,(anonymous_18)
FN:263,(anonymous_19)
FN:264,(anonymous_20)
FN:285,(anonymous_21)
FN:288,(anonymous_22)
FN:289,(anonymous_23)
FN:289,(anonymous_24)
FN:293,(anonymous_25)
FN:310,(anonymous_26)
FN:310,(anonymous_27)
FN:311,(anonymous_28)
FN:311,(anonymous_29)
FN:319,(anonymous_30)
FN:319,(anonymous_31)
FN:320,(anonymous_32)
FN:320,(anonymous_33)
FN:355,(anonymous_34)
FN:357,(anonymous_35)
FN:358,(anonymous_36)
FN:360,(anonymous_37)
FN:389,(anonymous_38)
FN:404,(anonymous_39)
FN:413,(anonymous_40)
FN:429,(anonymous_41)
FN:434,(anonymous_42)
FN:437,(anonymous_43)
FN:457,(anonymous_44)
FN:458,(anonymous_45)
FN:468,(anonymous_46)
FN:468,(anonymous_47)
FN:488,(anonymous_48)
FN:497,(anonymous_49)
FN:498,(anonymous_50)
FN:505,(anonymous_51)
FN:508,(anonymous_52)
FN:535,(anonymous_53)
FN:536,(anonymous_54)
FN:547,(anonymous_55)
FN:548,(anonymous_56)
FN:553,(anonymous_57)
FN:570,(anonymous_58)
FN:570,(anonymous_59)
FNF:60
FNH:39
FNDA:38,getDateRange
FNDA:17,getIndicatorName
FNDA:105,Charts
FNDA:104,(anonymous_3)
FNDA:208,(anonymous_4)
FNDA:8,(anonymous_5)
FNDA:2,(anonymous_6)
FNDA:2,(anonymous_7)
FNDA:0,(anonymous_8)
FNDA:1,(anonymous_9)
FNDA:34,(anonymous_10)
FNDA:3,(anonymous_11)
FNDA:6,(anonymous_12)
FNDA:33,(anonymous_13)
FNDA:161,(anonymous_14)
FNDA:33,(anonymous_15)
FNDA:33,load
FNDA:30,(anonymous_17)
FNDA:0,(anonymous_18)
FNDA:33,(anonymous_19)
FNDA:33,(anonymous_20)
FNDA:0,(anonymous_21)
FNDA:2,(anonymous_22)
FNDA:0,(anonymous_23)
FNDA:0,(anonymous_24)
FNDA:32,(anonymous_25)
FNDA:0,(anonymous_26)
FNDA:0,(anonymous_27)
FNDA:0,(anonymous_28)
FNDA:0,(anonymous_29)
FNDA:0,(anonymous_30)
FNDA:0,(anonymous_31)
FNDA:0,(anonymous_32)
FNDA:0,(anonymous_33)
FNDA:0,(anonymous_34)
FNDA:0,(anonymous_35)
FNDA:0,(anonymous_36)
FNDA:0,(anonymous_37)
FNDA:0,(anonymous_38)
FNDA:33,(anonymous_39)
FNDA:99,(anonymous_40)
FNDA:4,(anonymous_41)
FNDA:204,(anonymous_42)
FNDA:1,(anonymous_43)
FNDA:416,(anonymous_44)
FNDA:1,(anonymous_45)
FNDA:6,(anonymous_46)
FNDA:6,(anonymous_47)
FNDA:3,(anonymous_48)
FNDA:60,(anonymous_49)
FNDA:1640,(anonymous_50)
FNDA:410,(anonymous_51)
FNDA:2,(anonymous_52)
FNDA:520,(anonymous_53)
FNDA:1,(anonymous_54)
FNDA:6,(anonymous_55)
FNDA:96,(anonymous_56)
FNDA:0,(anonymous_57)
FNDA:0,(anonymous_58)
FNDA:0,(anonymous_59)
DA:25,2
DA:33,2
DA:55,2
DA:97,2
DA:115,38
DA:116,38
DA:117,38
DA:118,38
DA:119,6
DA:120,38
DA:125,17
DA:126,17
DA:127,54
DA:129,8
DA:137,105
DA:138,105
DA:140,105
DA:141,105
DA:142,105
DA:143,105
DA:144,105
DA:146,105
DA:147,105
DA:148,105
DA:150,105
DA:151,105
DA:152,105
DA:154,105
DA:155,105
DA:156,105
DA:157,105
DA:158,105
DA:160,105
DA:161,208
DA:162,105
DA:163,8
DA:166,105
DA:167,2
DA:168,2
DA:171,105
DA:172,1
DA:173,1
DA:177,105
DA:178,34
DA:179,6
DA:180,3
DA:181,0
DA:183,6
DA:184,6
DA:188,105
DA:189,33
DA:190,33
DA:191,161
DA:192,33
DA:193,33
DA:195,33
DA:196,33
DA:201,33
DA:202,33
DA:203,33
DA:210,33
DA:211,33
DA:217,3
DA:219,30
DA:221,30
DA:222,30
DA:223,0
DA:224,0
DA:226,30
DA:227,30
DA:228,30
DA:232,30
DA:235,30
DA:236,30
DA:239,33
DA:242,33
DA:243,33
DA:244,33
DA:245,33
DA:247,33
DA:259,33
DA:262,33
DA:263,33
DA:264,33
DA:266,33
DA:267,1
DA:268,0
DA:269,0
DA:272,33
DA:273,2
DA:274,2
DA:280,2
DA:281,2
DA:283,2
DA:285,2
DA:286,0
DA:288,2
DA:289,0
DA:291,2
DA:292,2
DA:293,32
DA:294,2
DA:295,2
DA:298,2
DA:299,0
DA:301,2
DA:302,0
DA:303,0
DA:304,0
DA:305,0
DA:307,2
DA:309,0
DA:310,0
DA:311,0
DA:312,0
DA:313,0
DA:315,2
DA:317,0
DA:318,0
DA:319,0
DA:320,0
DA:321,0
DA:322,0
DA:325,2
DA:326,0
DA:327,0
DA:328,0
DA:329,0
DA:331,2
DA:332,0
DA:333,0
DA:334,0
DA:337,2
DA:338,2
DA:339,2
DA:340,2
DA:341,2
DA:342,2
DA:344,0
DA:345,0
DA:346,0
DA:347,0
DA:348,0
DA:349,0
DA:350,0
DA:352,0
DA:354,0
DA:355,0
DA:356,0
DA:357,0
DA:358,0
DA:359,0
DA:360,0
DA:362,0
DA:363,0
DA:364,0
DA:365,0
DA:366,0
DA:367,0
DA:369,0
DA:370,0
DA:371,0
DA:372,0
DA:373,0
DA:374,0
DA:378,0
DA:386,33
DA:389,33
DA:390,0
DA:391,0
DA:393,33
DA:394,33
DA:397,0
DA:399,33
DA:403,33
DA:404,33
DA:405,33
DA:406,33
DA:407,33
DA:412,105
DA:414,99
DA:422,105
DA:429,4
DA:435,204
DA:437,1
DA:458,416
DA:468,6
DA:488,3
DA:498,1640
DA:499,60
DA:500,53
DA:506,410
DA:507,410
DA:508,2
DA:536,520
DA:548,96
DA:549,6
DA:553,0
DA:570,0
LF:199
LH:136
BRDA:118,0,0,32
BRDA:118,0,1,6
BRDA:127,1,0,9
BRDA:127,1,1,45
BRDA:127,2,0,54
BRDA:127,2,1,51
BRDA:140,3,0,105
BRDA:140,3,1,104
BRDA:160,4,0,104
BRDA:160,4,1,0
BRDA:162,5,0,4
BRDA:162,5,1,100
BRDA:168,6,0,0
BRDA:168,6,1,2
BRDA:178,7,0,28
BRDA:178,7,1,6
BRDA:180,8,0,0
BRDA:180,8,1,3
BRDA:180,9,0,3
BRDA:180,9,1,3
BRDA:189,10,0,0
BRDA:189,10,1,33
BRDA:191,11,0,33
BRDA:191,11,1,0
BRDA:196,12,0,1
BRDA:196,12,1,32
BRDA:211,13,0,3
BRDA:211,13,1,30
BRDA:212,14,0,33
BRDA:212,14,1,5
BRDA:212,14,2,4
BRDA:212,14,3,4
BRDA:221,15,0,30
BRDA:221,15,1,1
BRDA:221,16,0,30
BRDA:221,16,1,29
BRDA:222,17,0,0
BRDA:222,17,1,30
BRDA:223,18,0,0
BRDA:223,18,1,0
BRDA:239,19,0,0
BRDA:239,19,1,33
BRDA:239,20,0,33
BRDA:239,20,1,33
BRDA:266,21,0,32
BRDA:266,21,1,1
BRDA:266,22,0,1
BRDA:266,22,1,0
BRDA:267,23,0,0
BRDA:267,23,1,0
BRDA:272,24,0,2
BRDA:272,24,1,31
BRDA:281,25,0,0
BRDA:281,25,1,2
BRDA:281,26,0,2
BRDA:281,26,1,2
BRDA:285,27,0,0
BRDA:285,28,0,0
BRDA:288,29,0,2
BRDA:289,30,0,2
BRDA:289,30,1,0
BRDA:294,31,0,2
BRDA:294,31,1,0
BRDA:295,32,0,2
BRDA:295,32,1,2
BRDA:298,33,0,0
BRDA:298,33,1,2
BRDA:301,34,0,0
BRDA:301,34,1,2
BRDA:307,35,0,0
BRDA:307,35,1,2
BRDA:310,36,0,0
BRDA:310,36,1,0
BRDA:311,37,0,0
BRDA:311,37,1,0
BRDA:312,38,0,0
BRDA:312,38,1,0
BRDA:313,39,0,0
BRDA:313,39,1,0
BRDA:315,40,0,0
BRDA:315,40,1,2
BRDA:321,41,0,0
BRDA:321,41,1,0
BRDA:322,42,0,0
BRDA:322,42,1,0
BRDA:325,43,0,0
BRDA:325,43,1,2
BRDA:331,44,0,0
BRDA:331,44,1,2
BRDA:337,45,0,2
BRDA:337,45,1,0
BRDA:344,46,0,0
BRDA:344,46,1,0
BRDA:344,47,0,0
BRDA:344,47,1,0
BRDA:352,48,0,0
BRDA:352,48,1,0
BRDA:354,49,0,0
BRDA:354,49,1,0
BRDA:360,50,0,0
BRDA:360,50,1,0
BRDA:360,51,0,0
BRDA:360,51,1,0
BRDA:362,52,0,0
BRDA:362,52,1,0
BRDA:369,53,0,0
BRDA:369,53,1,0
BRDA:390,54,0,0
BRDA:390,54,1,0
BRDA:390,55,0,0
BRDA:390,55,1,0
BRDA:397,56,0,0
BRDA:397,56,1,0
BRDA:397,57,0,0
BRDA:397,57,1,0
BRDA:399,58,0,33
BRDA:399,58,1,0
BRDA:412,59,0,3
BRDA:412,59,1,101
BRDA:414,60,0,99
BRDA:414,60,1,85
BRDA:439,61,0,104
BRDA:439,61,1,100
BRDA:459,62,0,104
BRDA:459,62,1,312
BRDA:469,63,0,15
BRDA:469,63,1,89
BRDA:472,64,0,105
BRDA:472,64,1,6
BRDA:480,65,0,105
BRDA:480,65,1,15
BRDA:499,66,0,7
BRDA:499,66,1,53
BRDA:510,67,0,6
BRDA:510,67,1,404
BRDA:511,68,0,410
BRDA:511,68,1,6
BRDA:515,69,0,196
BRDA:515,69,1,214
BRDA:516,70,0,196
BRDA:516,70,1,214
BRDA:524,71,0,15
BRDA:524,71,1,0
BRDA:537,72,0,104
BRDA:537,72,1,416
BRDA:545,73,0,105
BRDA:545,73,1,6
BRDA:552,74,0,6
BRDA:552,74,1,0
BRDA:562,75,0,105
BRDA:562,75,1,33
BRDA:567,76,0,105
BRDA:567,76,1,0
BRDA:567,76,2,0
BRF:154
BRH:89
end_of_record
TN:
SF:src/app/pages/Dashboard.tsx
FN:62,(anonymous_0)
FN:63,(anonymous_1)
FN:64,(anonymous_2)
FN:65,(anonymous_3)
FN:72,(anonymous_4)
FN:83,(anonymous_5)
FN:94,(anonymous_6)
FN:105,(anonymous_7)
FN:116,(anonymous_8)
FN:123,(anonymous_9)
FN:131,(anonymous_10)
FN:138,(anonymous_11)
FN:157,(anonymous_12)
FN:179,(anonymous_13)
FN:186,(anonymous_14)
FN:202,(anonymous_15)
FN:239,Dashboard
FN:253,(anonymous_17)
FN:254,(anonymous_18)
FN:255,(anonymous_19)
FN:256,(anonymous_20)
FN:257,(anonymous_21)
FN:258,(anonymous_22)
FN:264,(anonymous_23)
FN:271,(anonymous_24)
FN:279,(anonymous_25)
FN:288,(anonymous_26)
FN:303,(anonymous_27)
FN:308,(anonymous_28)
FN:329,(anonymous_29)
FN:334,(anonymous_30)
FN:335,(anonymous_31)
FN:339,(anonymous_32)
FN:340,(anonymous_33)
FN:344,(anonymous_34)
FN:347,(anonymous_35)
FN:348,(anonymous_36)
FN:349,(anonymous_37)
FN:351,(anonymous_38)
FN:352,(anonymous_39)
FN:354,(anonymous_40)
FN:381,(anonymous_41)
FN:382,(anonymous_42)
FN:383,(anonymous_43)
FN:390,(anonymous_44)
FN:393,(anonymous_45)
FN:394,(anonymous_46)
FN:395,(anonymous_47)
FN:399,(anonymous_48)
FN:399,(anonymous_49)
FN:401,(anonymous_50)
FN:460,(anonymous_51)
FN:463,(anonymous_52)
FN:470,(anonymous_53)
FN:470,(anonymous_54)
FN:481,(anonymous_55)
FN:481,(anonymous_56)
FN:489,(anonymous_57)
FN:492,(anonymous_58)
FN:501,(anonymous_59)
FN:504,(anonymous_60)
FN:524,(anonymous_61)
FN:535,(anonymous_62)
FN:535,(anonymous_63)
FN:546,(anonymous_64)
FN:546,(anonymous_65)
FN:554,(anonymous_66)
FN:563,(anonymous_67)
FN:563,(anonymous_68)
FN:571,(anonymous_69)
FN:591,(anonymous_70)
FN:597,(anonymous_71)
FN:599,(anonymous_72)
FN:606,(anonymous_73)
FN:619,(anonymous_74)
FN:623,(anonymous_75)
FN:629,(anonymous_76)
FN:677,(anonymous_77)
FN:677,(anonymous_78)
FN:699,(anonymous_79)
FN:737,SummaryCard
FNF:81
FNH:42
FNDA:100,(anonymous_0)
FNDA:0,(anonymous_1)
FNDA:100,(anonymous_2)
FNDA:100,(anonymous_3)
FNDA:100,(anonymous_4)
FNDA:100,(anonymous_5)
FNDA:100,(anonymous_6)
FNDA:100,(anonymous_7)
FNDA:100,(anonymous_8)
FNDA:0,(anonymous_9)
FNDA:0,(anonymous_10)
FNDA:0,(anonymous_11)
FNDA:0,(anonymous_12)
FNDA:0,(anonymous_13)
FNDA:0,(anonymous_14)
FNDA:0,(anonymous_15)
FNDA:51,Dashboard
FNDA:50,(anonymous_17)
FNDA:50,(anonymous_18)
FNDA:50,(anonymous_19)
FNDA:50,(anonymous_20)
FNDA:50,(anonymous_21)
FNDA:50,(anonymous_22)
FNDA:16,(anonymous_23)
FNDA:0,(anonymous_24)
FNDA:0,(anonymous_25)
FNDA:0,(anonymous_26)
FNDA:0,(anonymous_27)
FNDA:0,(anonymous_28)
FNDA:16,(anonymous_29)
FNDA:1,(anonymous_30)
FNDA:1,(anonymous_31)
FNDA:0,(anonymous_32)
FNDA:0,(anonymous_33)
FNDA:17,(anonymous_34)
FNDA:0,(anonymous_35)
FNDA:0,(anonymous_36)
FNDA:0,(anonymous_37)
FNDA:0,(anonymous_38)
FNDA:0,(anonymous_39)
FNDA:17,(anonymous_40)
FNDA:16,(anonymous_41)
FNDA:32,(anonymous_42)
FNDA:32,(anonymous_43)
FNDA:100,(anonymous_44)
FNDA:0,(anonymous_45)
FNDA:0,(anonymous_46)
FNDA:0,(anonymous_47)
FNDA:1200,(anonymous_48)
FNDA:7650,(anonymous_49)
FNDA:300,(anonymous_50)
FNDA:0,(anonymous_51)
FNDA:300,(anonymous_52)
FNDA:0,(anonymous_53)
FNDA:0,(anonymous_54)
FNDA:0,(anonymous_55)
FNDA:0,(anonymous_56)
FNDA:0,(anonymous_57)
FNDA:0,(anonymous_58)
FNDA:0,(anonymous_59)
FNDA:0,(anonymous_60)
FNDA:0,(anonymous_61)
FNDA:1,(anonymous_62)
FNDA:1,(anonymous_63)
FNDA:17,(anonymous_64)
FNDA:11,(anonymous_65)
FNDA:0,(anonymous_66)
FNDA:17,(anonymous_67)
FNDA:6,(anonymous_68)
FNDA:0,(anonymous_69)
FNDA:1,(anonymous_70)
FNDA:400,(anonymous_71)
FNDA:1900,(anonymous_72)
FNDA:0,(anonymous_73)
FNDA:100,(anonymous_74)
FNDA:0,(anonymous_75)
FNDA:800,(anonymous_76)
FNDA:0,(anonymous_77)
FNDA:0,(anonymous_78)
FNDA:100,(anonymous_79)
FNDA:300,SummaryCard
DA:59,1
DA:62,100
DA:63,0
DA:64,100
DA:65,100
DA:73,100
DA:84,100
DA:95,100
DA:106,100
DA:116,100
DA:123,0
DA:131,0
DA:139,0
DA:140,0
DA:141,0
DA:158,0
DA:159,0
DA:161,0
DA:166,0
DA:179,0
DA:187,0
DA:188,0
DA:189,0
DA:202,0
DA:206,1
DA:221,1
DA:230,1
DA:240,51
DA:241,51
DA:242,51
DA:243,51
DA:244,51
DA:245,51
DA:246,51
DA:248,51
DA:249,51
DA:250,51
DA:253,51
DA:254,51
DA:255,51
DA:256,51
DA:257,51
DA:258,51
DA:260,51
DA:261,51
DA:262,51
DA:264,51
DA:265,16
DA:266,16
DA:267,16
DA:269,16
DA:270,0
DA:272,0
DA:277,16
DA:278,0
DA:280,0
DA:285,16
DA:286,0
DA:289,0
DA:290,0
DA:296,16
DA:299,16
DA:300,16
DA:302,16
DA:303,0
DA:306,16
DA:307,16
DA:308,0
DA:315,0
DA:321,0
DA:322,0
DA:325,16
DA:329,51
DA:330,16
DA:334,51
DA:335,1
DA:336,0
DA:339,51
DA:340,0
DA:341,0
DA:344,51
DA:345,17
DA:347,17
DA:348,17
DA:349,17
DA:351,17
DA:352,0
DA:354,17
DA:355,17
DA:356,17
DA:357,17
DA:358,0
DA:359,0
DA:360,0
DA:361,0
DA:362,0
DA:363,0
DA:364,0
DA:365,0
DA:366,0
DA:367,0
DA:368,0
DA:369,0
DA:370,0
DA:371,0
DA:373,17
DA:374,17
DA:377,17
DA:381,51
DA:382,32
DA:383,32
DA:384,16
DA:385,16
DA:386,16
DA:390,100
DA:391,51
DA:393,51
DA:394,0
DA:395,0
DA:399,7650
DA:401,51
DA:402,300
DA:403,50
DA:408,51
DA:460,0
DA:464,300
DA:470,0
DA:481,0
DA:489,0
DA:492,0
DA:502,0
DA:504,0
DA:524,0
DA:535,1
DA:546,17
DA:547,11
DA:554,0
DA:563,17
DA:564,6
DA:571,0
DA:591,1
DA:598,400
DA:599,1900
DA:600,400
DA:606,0
DA:620,100
DA:623,0
DA:630,800
DA:631,800
DA:636,800
DA:639,800
DA:677,0
DA:700,100
DA:748,300
LF:154
LH:94
BRDA:63,0,0,0
BRDA:63,0,1,0
BRDA:73,1,0,50
BRDA:73,1,1,50
BRDA:74,2,0,50
BRDA:74,2,1,50
BRDA:84,3,0,50
BRDA:84,3,1,50
BRDA:85,4,0,50
BRDA:85,4,1,50
BRDA:95,5,0,50
BRDA:95,5,1,50
BRDA:96,6,0,50
BRDA:96,6,1,50
BRDA:106,7,0,50
BRDA:106,7,1,50
BRDA:107,8,0,50
BRDA:107,8,1,50
BRDA:131,9,0,0
BRDA:131,9,1,0
BRDA:140,10,0,0
BRDA:140,10,1,0
BRDA:141,11,0,0
BRDA:141,11,1,0
BRDA:159,12,0,0
BRDA:159,12,1,0
BRDA:179,13,0,0
BRDA:179,13,1,0
BRDA:188,14,0,0
BRDA:188,14,1,0
BRDA:190,15,0,0
BRDA:190,15,1,0
BRDA:191,16,0,0
BRDA:191,16,1,0
BRDA:202,17,0,0
BRDA:202,17,1,0
BRDA:260,18,0,51
BRDA:260,18,1,0
BRDA:261,19,0,51
BRDA:261,19,1,0
BRDA:269,20,0,0
BRDA:269,20,1,16
BRDA:277,21,0,0
BRDA:277,21,1,16
BRDA:285,22,0,0
BRDA:285,22,1,16
BRDA:306,23,0,16
BRDA:306,23,1,0
BRDA:307,24,0,0
BRDA:307,24,1,16
BRDA:312,25,0,0
BRDA:312,25,1,0
BRDA:321,26,0,0
BRDA:321,26,1,0
BRDA:321,27,0,0
BRDA:321,27,1,0
BRDA:322,28,0,0
BRDA:322,28,1,0
BRDA:335,29,0,1
BRDA:335,29,1,0
BRDA:335,30,0,1
BRDA:335,30,1,0
BRDA:340,31,0,0
BRDA:340,31,1,0
BRDA:340,32,0,0
BRDA:340,32,1,0
BRDA:347,33,0,0
BRDA:347,33,1,17
BRDA:347,34,0,0
BRDA:347,34,1,17
BRDA:348,35,0,0
BRDA:348,35,1,17
BRDA:349,36,0,0
BRDA:349,36,1,17
BRDA:351,37,0,0
BRDA:351,37,1,17
BRDA:357,38,0,17
BRDA:357,38,1,0
BRDA:357,39,0,0
BRDA:357,39,1,0
BRDA:358,40,0,0
BRDA:358,40,1,0
BRDA:359,41,0,0
BRDA:359,41,1,0
BRDA:360,42,0,0
BRDA:360,42,1,0
BRDA:361,43,0,0
BRDA:361,43,1,0
BRDA:362,44,0,0
BRDA:362,44,1,0
BRDA:363,45,0,0
BRDA:363,45,1,0
BRDA:364,46,0,0
BRDA:364,46,1,0
BRDA:365,47,0,0
BRDA:365,47,1,0
BRDA:366,48,0,0
BRDA:366,48,1,0
BRDA:367,49,0,0
BRDA:367,49,1,0
BRDA:368,50,0,0
BRDA:368,50,1,0
BRDA:368,51,0,0
BRDA:368,51,1,0
BRDA:368,52,0,0
BRDA:368,52,1,0
BRDA:369,53,0,0
BRDA:369,53,1,0
BRDA:369,54,0,0
BRDA:369,54,1,0
BRDA:369,55,0,0
BRDA:369,55,1,0
BRDA:370,56,0,0
BRDA:370,56,1,0
BRDA:370,57,0,0
BRDA:370,57,1,0
BRDA:370,58,0,0
BRDA:370,58,1,0
BRDA:371,59,0,0
BRDA:371,59,1,0
BRDA:371,60,0,0
BRDA:371,60,1,0
BRDA:373,61,0,17
BRDA:373,61,1,0
BRDA:373,62,0,0
BRDA:373,62,1,0
BRDA:374,63,0,16
BRDA:374,63,1,1
BRDA:385,64,0,16
BRDA:385,64,1,0
BRDA:395,65,0,0
BRDA:395,65,1,0
BRDA:402,66,0,250
BRDA:402,66,1,50
BRDA:403,67,0,49
BRDA:403,67,1,1
BRDA:411,68,0,51
BRDA:411,68,1,50
BRDA:416,69,0,0
BRDA:416,69,1,50
BRDA:427,70,0,50
BRDA:427,70,1,0
BRDA:428,71,0,50
BRDA:428,71,1,0
BRDA:432,72,0,50
BRDA:432,72,1,0
BRDA:433,73,0,50
BRDA:433,73,1,0
BRDA:438,74,0,0
BRDA:438,74,1,50
BRDA:439,75,0,0
BRDA:439,75,1,50
BRDA:439,76,0,51
BRDA:439,76,1,0
BRDA:446,77,0,0
BRDA:446,77,1,50
BRDA:448,78,0,16
BRDA:448,78,1,34
BRDA:470,79,0,0
BRDA:470,79,1,0
BRDA:472,80,0,49
BRDA:472,80,1,1
BRDA:474,81,0,49
BRDA:474,81,1,1
BRDA:483,82,0,0
BRDA:483,82,1,50
BRDA:489,83,0,50
BRDA:489,83,1,0
BRDA:490,84,0,51
BRDA:490,84,1,0
BRDA:499,85,0,51
BRDA:499,85,1,0
BRDA:506,86,0,0
BRDA:506,86,1,0
BRDA:529,87,0,16
BRDA:529,87,1,34
BRDA:541,88,0,51
BRDA:541,88,1,1
BRDA:604,89,0,400
BRDA:604,89,1,0
BRDA:605,90,0,250
BRDA:605,90,1,150
BRDA:606,91,0,0
BRDA:606,91,1,150
BRDA:608,92,0,400
BRDA:608,92,1,0
BRDA:609,93,0,400
BRDA:609,93,1,250
BRDA:609,93,2,250
BRDA:611,94,0,400
BRDA:611,94,1,250
BRDA:611,94,2,0
BRDA:631,95,0,0
BRDA:631,95,1,800
BRDA:636,96,0,800
BRDA:636,96,1,0
BRDA:642,97,0,800
BRDA:642,97,1,0
BRDA:650,98,0,51
BRDA:650,98,1,0
BRDA:670,99,0,51
BRDA:670,99,1,50
BRDA:680,100,0,50
BRDA:680,100,1,0
BRDA:684,101,0,51
BRDA:684,101,1,50
BRDA:685,102,0,50
BRDA:685,102,1,0
BRDA:710,103,0,100
BRDA:710,103,1,0
BRDA:711,104,0,100
BRDA:711,104,1,0
BRDA:715,105,0,100
BRDA:715,105,1,0
BRDA:716,106,0,100
BRDA:716,106,1,0
BRDA:718,107,0,100
BRDA:718,107,1,0
BRDA:719,108,0,100
BRDA:719,108,1,0
BRDA:751,109,0,300
BRDA:751,109,1,200
BRF:222
BRH:92
end_of_record
TN:
SF:src/app/pages/KPIBuilder.tsx
FN:43,inferReturnType
FN:70,detectTypeMismatch
FN:103,KPIBuilder
FN:110,(anonymous_3)
FN:112,(anonymous_4)
FN:113,(anonymous_5)
FN:125,(anonymous_6)
FN:130,(anonymous_7)
FN:142,(anonymous_8)
FN:145,(anonymous_9)
FN:145,(anonymous_10)
FN:154,(anonymous_11)
FN:155,(anonymous_12)
FN:158,(anonymous_13)
FN:159,(anonymous_14)
FN:165,(anonymous_15)
FN:166,(anonymous_16)
FN:174,(anonymous_17)
FN:186,(anonymous_18)
FN:187,(anonymous_19)
FN:197,(anonymous_20)
FN:211,(anonymous_21)
FN:212,(anonymous_22)
FN:221,(anonymous_23)
FN:227,(anonymous_24)
FN:233,(anonymous_25)
FN:238,(anonymous_26)
FN:242,(anonymous_27)
FN:245,(anonymous_28)
FN:314,(anonymous_29)
FN:339,(anonymous_30)
FN:345,(anonymous_31)
FN:352,(anonymous_32)
FN:383,(anonymous_33)
FN:383,(anonymous_34)
FN:401,(anonymous_35)
FN:403,(anonymous_36)
FN:403,(anonymous_37)
FN:410,(anonymous_38)
FN:413,(anonymous_39)
FN:434,(anonymous_40)
FN:436,(anonymous_41)
FN:451,(anonymous_42)
FN:452,(anonymous_43)
FN:473,(anonymous_44)
FN:474,(anonymous_45)
FN:486,(anonymous_46)
FN:486,(anonymous_47)
FN:493,(anonymous_48)
FNF:49
FNH:0
FNDA:0,inferReturnType
FNDA:0,detectTypeMismatch
FNDA:0,KPIBuilder
FNDA:0,(anonymous_3)
FNDA:0,(anonymous_4)
FNDA:0,(anonymous_5)
FNDA:0,(anonymous_6)
FNDA:0,(anonymous_7)
FNDA:0,(anonymous_8)
FNDA:0,(anonymous_9)
FNDA:0,(anonymous_10)
FNDA:0,(anonymous_11)
FNDA:0,(anonymous_12)
FNDA:0,(anonymous_13)
FNDA:0,(anonymous_14)
FNDA:0,(anonymous_15)
FNDA:0,(anonymous_16)
FNDA:0,(anonymous_17)
FNDA:0,(anonymous_18)
FNDA:0,(anonymous_19)
FNDA:0,(anonymous_20)
FNDA:0,(anonymous_21)
FNDA:0,(anonymous_22)
FNDA:0,(anonymous_23)
FNDA:0,(anonymous_24)
FNDA:0,(anonymous_25)
FNDA:0,(anonymous_26)
FNDA:0,(anonymous_27)
FNDA:0,(anonymous_28)
FNDA:0,(anonymous_29)
FNDA:0,(anonymous_30)
FNDA:0,(anonymous_31)
FNDA:0,(anonymous_32)
FNDA:0,(anonymous_33)
FNDA:0,(anonymous_34)
FNDA:0,(anonymous_35)
FNDA:0,(anonymous_36)
FNDA:0,(anonymous_37)
FNDA:0,(anonymous_38)
FNDA:0,(anonymous_39)
FNDA:0,(anonymous_40)
FNDA:0,(anonymous_41)
FNDA:0,(anonymous_42)
FNDA:0,(anonymous_43)
FNDA:0,(anonymous_44)
FNDA:0,(anonymous_45)
FNDA:0,(anonymous_46)
FNDA:0,(anonymous_47)
FNDA:0,(anonymous_48)
DA:10,0
DA:44,0
DA:45,0
DA:53,0
DA:54,0
DA:56,0
DA:64,0
DA:66,0
DA:74,0
DA:75,0
DA:77,0
DA:83,0
DA:95,0
DA:104,0
DA:105,0
DA:106,0
DA:107,0
DA:110,0
DA:111,0
DA:112,0
DA:114,0
DA:115,0
DA:121,0
DA:122,0
DA:123,0
DA:125,0
DA:126,0
DA:127,0
DA:130,0
DA:131,0
DA:139,0
DA:142,0
DA:143,0
DA:144,0
DA:145,0
DA:146,0
DA:148,0
DA:149,0
DA:154,0
DA:155,0
DA:156,0
DA:158,0
DA:159,0
DA:161,0
DA:162,0
DA:165,0
DA:166,0
DA:168,0
DA:169,0
DA:174,0
DA:175,0
DA:176,0
DA:177,0
DA:178,0
DA:179,0
DA:186,0
DA:187,0
DA:189,0
DA:191,0
DA:197,0
DA:198,0
DA:200,0
DA:202,0
DA:203,0
DA:206,0
DA:211,0
DA:212,0
DA:213,0
DA:216,0
DA:217,0
DA:218,0
DA:219,0
DA:221,0
DA:222,0
DA:224,0
DA:227,0
DA:228,0
DA:229,0
DA:230,0
DA:233,0
DA:234,0
DA:235,0
DA:238,0
DA:239,0
DA:240,0
DA:241,0
DA:242,0
DA:243,0
DA:244,0
DA:245,0
DA:246,0
DA:247,0
DA:248,0
DA:249,0
DA:251,0
DA:252,0
DA:258,0
DA:262,0
DA:268,0
DA:315,0
DA:339,0
DA:345,0
DA:352,0
DA:383,0
DA:401,0
DA:403,0
DA:411,0
DA:413,0
DA:435,0
DA:436,0
DA:452,0
DA:474,0
DA:486,0
DA:493,0
LF:114
LH:0
BRDA:45,0,0,0
BRDA:45,0,1,0
BRDA:46,1,0,0
BRDA:46,1,1,0
BRDA:46,1,2,0
BRDA:46,1,3,0
BRDA:46,1,4,0
BRDA:53,2,0,0
BRDA:53,2,1,0
BRDA:53,3,0,0
BRDA:53,3,1,0
BRDA:56,4,0,0
BRDA:56,4,1,0
BRDA:57,5,0,0
BRDA:57,5,1,0
BRDA:57,5,2,0
BRDA:57,5,3,0
BRDA:57,5,4,0
BRDA:57,5,5,0
BRDA:75,6,0,0
BRDA:75,6,1,0
BRDA:75,7,0,0
BRDA:75,7,1,0
BRDA:114,8,0,0
BRDA:114,8,1,0
BRDA:114,9,0,0
BRDA:114,9,1,0
BRDA:115,10,0,0
BRDA:115,10,1,0
BRDA:136,11,0,0
BRDA:136,11,1,0
BRDA:148,12,0,0
BRDA:148,12,1,0
BRDA:148,13,0,0
BRDA:148,13,1,0
BRDA:149,14,0,0
BRDA:149,14,1,0
BRDA:156,15,0,0
BRDA:156,15,1,0
BRDA:159,16,0,0
BRDA:159,16,1,0
BRDA:166,17,0,0
BRDA:166,17,1,0
BRDA:168,18,0,0
BRDA:168,18,1,0
BRDA:168,19,0,0
BRDA:168,19,1,0
BRDA:169,20,0,0
BRDA:169,20,1,0
BRDA:175,21,0,0
BRDA:175,21,1,0
BRDA:175,22,0,0
BRDA:175,22,1,0
BRDA:178,23,0,0
BRDA:178,23,1,0
BRDA:183,24,0,0
BRDA:183,24,1,0
BRDA:187,25,0,0
BRDA:187,25,1,0
BRDA:195,26,0,0
BRDA:195,26,1,0
BRDA:202,27,0,0
BRDA:202,27,1,0
BRDA:202,28,0,0
BRDA:202,28,1,0
BRDA:203,29,0,0
BRDA:203,29,1,0
BRDA:216,30,0,0
BRDA:216,30,1,0
BRDA:217,31,0,0
BRDA:217,31,1,0
BRDA:230,32,0,0
BRDA:230,32,1,0
BRDA:239,33,0,0
BRDA:239,33,1,0
BRDA:240,34,0,0
BRDA:240,34,1,0
BRDA:243,35,0,0
BRDA:243,35,1,0
BRDA:246,36,0,0
BRDA:246,36,1,0
BRDA:246,37,0,0
BRDA:246,37,1,0
BRDA:247,38,0,0
BRDA:247,38,1,0
BRDA:251,39,0,0
BRDA:251,39,1,0
BRDA:258,40,0,0
BRDA:258,40,1,0
BRDA:331,41,0,0
BRDA:331,41,1,0
BRDA:367,42,0,0
BRDA:367,42,1,0
BRDA:372,43,0,0
BRDA:372,43,1,0
BRDA:408,44,0,0
BRDA:408,44,1,0
BRDA:415,45,0,0
BRDA:415,45,1,0
BRDA:427,46,0,0
BRDA:427,46,1,0
BRDA:436,47,0,0
BRDA:436,47,1,0
BRDA:500,48,0,0
BRDA:500,48,1,0
BRDA:500,48,2,0
BRDA:503,49,0,0
BRDA:503,49,1,0
BRDA:503,50,0,0
BRDA:503,50,1,0
BRF:110
BRH:0
end_of_record
TN:
SF:src/app/pages/Login.tsx
FN:5,Login
FN:14,(anonymous_1)
FN:20,(anonymous_2)
FN:28,(anonymous_3)
FN:52,(anonymous_4)
FNF:5
FNH:4
FNDA:20,Login
FNDA:15,(anonymous_1)
FNDA:20,(anonymous_2)
FNDA:4,(anonymous_3)
FNDA:0,(anonymous_4)
DA:6,20
DA:7,20
DA:8,20
DA:11,20
DA:12,20
DA:14,20
DA:16,15
DA:20,20
DA:21,20
DA:22,17
DA:23,15
DA:24,14
DA:28,20
DA:29,4
DA:30,4
DA:31,4
DA:32,3
DA:34,1
DA:35,1
DA:37,1
DA:38,1
DA:39,1
DA:40,1
DA:41,0
DA:42,0
DA:47,1
DA:52,20
DA:53,0
DA:54,0
DA:58,20
DA:61,20
LF:31
LH:27
BRDA:21,0,0,3
BRDA:21,0,1,17
BRDA:22,1,0,2
BRDA:22,1,1,15
BRDA:23,2,0,1
BRDA:23,2,1,14
BRDA:40,3,0,0
BRDA:40,3,1,1
BRDA:58,4,0,20
BRDA:58,4,1,1
BRDA:73,5,0,20
BRDA:73,5,1,6
BRDA:91,6,0,4
BRDA:91,6,1,16
BRDA:102,7,0,20
BRDA:102,7,1,19
BRF:16
BRH:15
end_of_record
TN:
SF:src/app/pages/NotFound.tsx
FN:4,NotFound
FNF:1
FNH:0
FNDA:0,NotFound
DA:5,0
LF:1
LH:0
BRF:0
BRH:0
end_of_record
TN:
SF:src/app/pages/Orders.tsx
FN:74,computeCharges
FN:111,fmt
FN:116,isNseMarketOpen
FN:127,Orders
FN:150,(anonymous_4)
FN:151,(anonymous_5)
FN:155,(anonymous_6)
FN:158,(anonymous_7)
FN:159,(anonymous_8)
FN:166,(anonymous_9)
FN:167,(anonymous_10)
FN:175,(anonymous_11)
FN:176,(anonymous_12)
FN:185,(anonymous_13)
FN:187,(anonymous_14)
FN:199,(anonymous_15)
FN:201,(anonymous_16)
FN:206,(anonymous_17)
FN:218,(anonymous_18)
FN:233,(anonymous_19)
FN:234,(anonymous_20)
FN:247,(anonymous_21)
FN:256,(anonymous_22)
FN:257,(anonymous_23)
FN:261,(anonymous_24)
FN:262,(anonymous_25)
FN:270,(anonymous_26)
FN:279,(anonymous_27)
FN:280,(anonymous_28)
FN:291,(anonymous_29)
FN:301,(anonymous_30)
FN:303,(anonymous_31)
FN:326,(anonymous_32)
FN:327,(anonymous_33)
FN:335,(anonymous_34)
FN:336,(anonymous_35)
FN:341,(anonymous_36)
FN:342,(anonymous_37)
FN:351,(anonymous_38)
FN:360,(anonymous_39)
FN:373,(anonymous_40)
FN:374,(anonymous_41)
FN:383,(anonymous_42)
FN:386,(anonymous_43)
FN:386,(anonymous_44)
FN:397,(anonymous_45)
FN:399,(anonymous_46)
FN:433,(anonymous_47)
FN:434,(anonymous_48)
FN:461,(anonymous_49)
FN:464,(anonymous_50)
FN:484,(anonymous_51)
FN:484,(anonymous_52)
FN:499,(anonymous_53)
FN:500,(anonymous_54)
FN:501,(anonymous_55)
FN:506,(anonymous_56)
FN:517,(anonymous_57)
FN:520,(anonymous_58)
FN:539,(anonymous_59)
FN:552,(anonymous_60)
FN:568,(anonymous_61)
FN:587,(anonymous_62)
FN:605,(anonymous_63)
FN:621,(anonymous_64)
FN:624,(anonymous_65)
FN:657,(anonymous_66)
FN:657,(anonymous_67)
FN:661,(anonymous_68)
FN:671,(anonymous_69)
FN:671,(anonymous_70)
FN:681,(anonymous_71)
FN:681,(anonymous_72)
FN:694,(anonymous_73)
FN:694,(anonymous_74)
FN:702,(anonymous_75)
FN:702,(anonymous_76)
FN:705,(anonymous_77)
FN:705,(anonymous_78)
FN:712,(anonymous_79)
FN:712,(anonymous_80)
FN:715,(anonymous_81)
FN:715,(anonymous_82)
FN:719,(anonymous_83)
FN:719,(anonymous_84)
FN:722,(anonymous_85)
FN:722,(anonymous_86)
FN:750,(anonymous_87)
FN:754,(anonymous_88)
FN:769,(anonymous_89)
FN:792,(anonymous_90)
FN:799,(anonymous_91)
FN:825,(anonymous_92)
FN:845,(anonymous_93)
FN:852,(anonymous_94)
FN:883,(anonymous_95)
FN:889,(anonymous_96)
FN:954,(anonymous_97)
FN:987,(anonymous_98)
FN:987,(anonymous_99)
FN:998,(anonymous_100)
FN:998,(anonymous_101)
FN:1010,(anonymous_102)
FN:1010,(anonymous_103)
FN:1018,(anonymous_104)
FN:1058,(anonymous_105)
FN:1081,(anonymous_106)
FN:1087,(anonymous_107)
FN:1100,Field
FN:1109,ReviewRow
FN:1118,ChargeRow
FN:1127,Warn
FNF:112
FNH:25
FNDA:0,computeCharges
FNDA:0,fmt
FNDA:0,isNseMarketOpen
FNDA:20,Orders
FNDA:19,(anonymous_4)
FNDA:19,(anonymous_5)
FNDA:13,(anonymous_6)
FNDA:13,(anonymous_7)
FNDA:0,(anonymous_8)
FNDA:13,(anonymous_9)
FNDA:0,(anonymous_10)
FNDA:0,(anonymous_11)
FNDA:0,(anonymous_12)
FNDA:15,(anonymous_13)
FNDA:0,(anonymous_14)
FNDA:13,(anonymous_15)
FNDA:0,(anonymous_16)
FNDA:13,(anonymous_17)
FNDA:15,(anonymous_18)
FNDA:19,(anonymous_19)
FNDA:13,(anonymous_20)
FNDA:15,(anonymous_21)
FNDA:0,(anonymous_22)
FNDA:0,(anonymous_23)
FNDA:17,(anonymous_24)
FNDA:0,(anonymous_25)
FNDA:76,(anonymous_26)
FNDA:2,(anonymous_27)
FNDA:2,(anonymous_28)
FNDA:0,(anonymous_29)
FNDA:19,(anonymous_30)
FNDA:0,(anonymous_31)
FNDA:0,(anonymous_32)
FNDA:0,(anonymous_33)
FNDA:0,(anonymous_34)
FNDA:0,(anonymous_35)
FNDA:0,(anonymous_36)
FNDA:0,(anonymous_37)
FNDA:0,(anonymous_38)
FNDA:0,(anonymous_39)
FNDA:0,(anonymous_40)
FNDA:0,(anonymous_41)
FNDA:0,(anonymous_42)
FNDA:0,(anonymous_43)
FNDA:0,(anonymous_44)
FNDA:0,(anonymous_45)
FNDA:0,(anonymous_46)
FNDA:0,(anonymous_47)
FNDA:0,(anonymous_48)
FNDA:38,(anonymous_49)
FNDA:0,(anonymous_50)
FNDA:0,(anonymous_51)
FNDA:0,(anonymous_52)
FNDA:0,(anonymous_53)
FNDA:0,(anonymous_54)
FNDA:0,(anonymous_55)
FNDA:19,(anonymous_56)
FNDA:38,(anonymous_57)
FNDA:2,(anonymous_58)
FNDA:0,(anonymous_59)
FNDA:0,(anonymous_60)
FNDA:0,(anonymous_61)
FNDA:0,(anonymous_62)
FNDA:0,(anonymous_63)
FNDA:57,(anonymous_64)
FNDA:0,(anonymous_65)
FNDA:0,(anonymous_66)
FNDA:0,(anonymous_67)
FNDA:0,(anonymous_68)
FNDA:0,(anonymous_69)
FNDA:0,(anonymous_70)
FNDA:0,(anonymous_71)
FNDA:0,(anonymous_72)
FNDA:0,(anonymous_73)
FNDA:0,(anonymous_74)
FNDA:0,(anonymous_75)
FNDA:0,(anonymous_76)
FNDA:0,(anonymous_77)
FNDA:0,(anonymous_78)
FNDA:0,(anonymous_79)
FNDA:0,(anonymous_80)
FNDA:0,(anonymous_81)
FNDA:0,(anonymous_82)
FNDA:0,(anonymous_83)
FNDA:0,(anonymous_84)
FNDA:0,(anonymous_85)
FNDA:0,(anonymous_86)
FNDA:76,(anonymous_87)
FNDA:0,(anonymous_88)
FNDA:0,(anonymous_89)
FNDA:0,(anonymous_90)
FNDA:0,(anonymous_91)
FNDA:0,(anonymous_92)
FNDA:0,(anonymous_93)
FNDA:0,(anonymous_94)
FNDA:0,(anonymous_95)
FNDA:0,(anonymous_96)
FNDA:0,(anonymous_97)
FNDA:0,(anonymous_98)
FNDA:0,(anonymous_99)
FNDA:0,(anonymous_100)
FNDA:0,(anonymous_101)
FNDA:0,(anonymous_102)
FNDA:0,(anonymous_103)
FNDA:0,(anonymous_104)
FNDA:0,(anonymous_105)
FNDA:0,(anonymous_106)
FNDA:0,(anonymous_107)
FNDA:133,Field
FNDA:0,ReviewRow
FNDA:0,ChargeRow
FNDA:0,Warn
DA:44,1
DA:56,1
DA:81,0
DA:84,0
DA:87,0
DA:88,0
DA:89,0
DA:90,0
DA:91,0
DA:95,0
DA:96,0
DA:99,0
DA:102,0
DA:105,0
DA:107,0
DA:108,0
DA:112,0
DA:117,0
DA:118,0
DA:119,0
DA:120,0
DA:121,0
DA:122,0
DA:123,0
DA:124,0
DA:128,20
DA:129,20
DA:130,20
DA:131,20
DA:132,20
DA:133,20
DA:135,20
DA:136,20
DA:138,20
DA:139,20
DA:141,20
DA:142,20
DA:144,20
DA:146,20
DA:147,20
DA:150,20
DA:151,20
DA:152,20
DA:155,20
DA:157,13
DA:158,13
DA:160,0
DA:161,0
DA:165,13
DA:166,13
DA:168,0
DA:169,0
DA:173,13
DA:174,0
DA:175,0
DA:185,20
DA:186,15
DA:187,0
DA:188,0
DA:193,20
DA:199,20
DA:200,13
DA:201,0
DA:202,0
DA:206,20
DA:207,13
DA:208,0
DA:209,0
DA:210,0
DA:211,0
DA:212,0
DA:214,0
DA:218,20
DA:219,15
DA:220,0
DA:221,0
DA:222,0
DA:223,0
DA:224,0
DA:226,0
DA:227,0
DA:229,0
DA:233,20
DA:234,20
DA:235,13
DA:236,13
DA:237,13
DA:238,13
DA:239,0
DA:240,0
DA:241,0
DA:243,0
DA:247,20
DA:248,15
DA:249,15
DA:250,15
DA:251,0
DA:256,20
DA:257,0
DA:258,0
DA:261,20
DA:262,17
DA:263,0
DA:264,0
DA:265,0
DA:266,0
DA:270,20
DA:271,76
DA:272,19
DA:279,20
DA:280,2
DA:282,20
DA:283,20
DA:286,20
DA:291,20
DA:292,0
DA:294,0
DA:295,0
DA:296,0
DA:298,0
DA:301,20
DA:303,20
DA:304,0
DA:305,0
DA:307,0
DA:308,0
DA:321,0
DA:322,0
DA:323,0
DA:325,0
DA:326,0
DA:329,0
DA:330,0
DA:335,20
DA:336,0
DA:337,0
DA:338,0
DA:339,0
DA:340,0
DA:341,0
DA:344,0
DA:345,0
DA:351,20
DA:352,0
DA:353,0
DA:360,20
DA:361,0
DA:362,0
DA:363,0
DA:370,0
DA:371,0
DA:372,0
DA:373,0
DA:376,0
DA:377,0
DA:383,20
DA:384,0
DA:385,0
DA:386,0
DA:387,0
DA:388,0
DA:390,0
DA:391,0
DA:397,20
DA:398,0
DA:399,0
DA:400,0
DA:401,0
DA:402,0
DA:403,0
DA:415,0
DA:430,0
DA:431,0
DA:432,0
DA:433,0
DA:436,0
DA:437,0
DA:442,20
DA:449,20
DA:455,20
DA:462,38
DA:464,0
DA:484,0
DA:500,0
DA:501,0
DA:507,19
DA:518,38
DA:520,2
DA:539,0
DA:552,0
DA:568,0
DA:587,0
DA:605,0
DA:622,57
DA:624,0
DA:657,0
DA:662,0
DA:671,0
DA:681,0
DA:694,0
DA:702,0
DA:705,0
DA:712,0
DA:715,0
DA:719,0
DA:722,0
DA:751,76
DA:754,0
DA:770,0
DA:792,0
DA:799,0
DA:826,0
DA:845,0
DA:852,0
DA:883,0
DA:890,0
DA:891,0
DA:892,0
DA:954,0
DA:987,0
DA:998,0
DA:1010,0
DA:1018,0
DA:1058,0
DA:1081,0
DA:1087,0
DA:1101,133
DA:1110,0
DA:1119,0
DA:1128,0
DA:1131,0
LF:231
LH:74
BRDA:84,0,0,0
BRDA:84,0,1,0
BRDA:88,1,0,0
BRDA:88,1,1,0
BRDA:90,2,0,0
BRDA:90,2,1,0
BRDA:90,3,0,0
BRDA:90,3,1,0
BRDA:95,4,0,0
BRDA:95,4,1,0
BRDA:105,5,0,0
BRDA:105,5,1,0
BRDA:120,6,0,0
BRDA:120,6,1,0
BRDA:120,7,0,0
BRDA:120,7,1,0
BRDA:124,8,0,0
BRDA:124,8,1,0
BRDA:152,9,0,20
BRDA:152,9,1,0
BRDA:160,10,0,0
BRDA:160,10,1,0
BRDA:160,11,0,0
BRDA:160,11,1,0
BRDA:161,12,0,0
BRDA:161,12,1,0
BRDA:168,13,0,0
BRDA:168,13,1,0
BRDA:168,14,0,0
BRDA:168,14,1,0
BRDA:169,15,0,0
BRDA:169,15,1,0
BRDA:173,16,0,0
BRDA:173,16,1,13
BRDA:186,17,0,15
BRDA:186,17,1,0
BRDA:186,18,0,15
BRDA:186,18,1,0
BRDA:188,19,0,0
BRDA:188,19,1,0
BRDA:193,20,0,0
BRDA:193,20,1,19
BRDA:193,21,0,20
BRDA:193,21,1,2
BRDA:193,21,2,0
BRDA:200,22,0,13
BRDA:200,22,1,0
BRDA:202,23,0,0
BRDA:202,23,1,0
BRDA:207,24,0,13
BRDA:207,24,1,0
BRDA:207,25,0,13
BRDA:207,25,1,13
BRDA:207,25,2,0
BRDA:209,26,0,0
BRDA:209,26,1,0
BRDA:211,27,0,0
BRDA:211,27,1,0
BRDA:212,28,0,0
BRDA:212,28,1,0
BRDA:219,29,0,15
BRDA:219,29,1,0
BRDA:222,30,0,0
BRDA:222,30,1,0
BRDA:222,31,0,0
BRDA:222,31,1,0
BRDA:223,32,0,0
BRDA:223,32,1,0
BRDA:223,33,0,0
BRDA:223,33,1,0
BRDA:226,34,0,0
BRDA:226,34,1,0
BRDA:226,35,0,0
BRDA:226,35,1,0
BRDA:233,36,0,19
BRDA:233,36,1,0
BRDA:235,37,0,0
BRDA:235,37,1,13
BRDA:237,38,0,13
BRDA:237,38,1,13
BRDA:237,38,2,13
BRDA:238,39,0,13
BRDA:238,39,1,0
BRDA:238,40,0,13
BRDA:238,40,1,0
BRDA:240,41,0,0
BRDA:240,41,1,0
BRDA:249,42,0,15
BRDA:249,42,1,15
BRDA:249,42,2,15
BRDA:250,43,0,15
BRDA:250,43,1,0
BRDA:250,44,0,15
BRDA:250,44,1,0
BRDA:257,45,0,0
BRDA:257,45,1,0
BRDA:257,46,0,0
BRDA:257,46,1,0
BRDA:265,47,0,0
BRDA:265,47,1,0
BRDA:265,48,0,0
BRDA:265,48,1,0
BRDA:266,49,0,0
BRDA:266,49,1,0
BRDA:271,50,0,57
BRDA:271,50,1,19
BRDA:272,51,0,0
BRDA:272,51,1,19
BRDA:282,52,0,20
BRDA:282,52,1,19
BRDA:283,53,0,20
BRDA:283,53,1,0
BRDA:286,54,0,20
BRDA:286,54,1,0
BRDA:286,54,2,0
BRDA:286,54,3,0
BRDA:292,55,0,0
BRDA:292,55,1,0
BRDA:294,56,0,0
BRDA:294,56,1,0
BRDA:294,57,0,0
BRDA:294,57,1,0
BRDA:307,58,0,0
BRDA:307,58,1,0
BRDA:316,59,0,0
BRDA:316,59,1,0
BRDA:317,60,0,0
BRDA:317,60,1,0
BRDA:319,61,0,0
BRDA:319,61,1,0
BRDA:319,61,2,0
BRDA:329,62,0,0
BRDA:329,62,1,0
BRDA:329,63,0,0
BRDA:329,63,1,0
BRDA:330,64,0,0
BRDA:330,64,1,0
BRDA:338,65,0,0
BRDA:338,65,1,0
BRDA:344,66,0,0
BRDA:344,66,1,0
BRDA:344,67,0,0
BRDA:344,67,1,0
BRDA:345,68,0,0
BRDA:345,68,1,0
BRDA:355,69,0,0
BRDA:355,69,1,0
BRDA:356,70,0,0
BRDA:356,70,1,0
BRDA:361,71,0,0
BRDA:361,71,1,0
BRDA:364,72,0,0
BRDA:364,72,1,0
BRDA:366,73,0,0
BRDA:366,73,1,0
BRDA:367,74,0,0
BRDA:367,74,1,0
BRDA:368,75,0,0
BRDA:368,75,1,0
BRDA:376,76,0,0
BRDA:376,76,1,0
BRDA:376,77,0,0
BRDA:376,77,1,0
BRDA:377,78,0,0
BRDA:377,78,1,0
BRDA:390,79,0,0
BRDA:390,79,1,0
BRDA:390,80,0,0
BRDA:390,80,1,0
BRDA:391,81,0,0
BRDA:391,81,1,0
BRDA:398,82,0,0
BRDA:398,82,1,0
BRDA:398,83,0,0
BRDA:398,83,1,0
BRDA:400,84,0,0
BRDA:400,84,1,0
BRDA:402,85,0,0
BRDA:402,85,1,0
BRDA:405,86,0,0
BRDA:405,86,1,0
BRDA:411,87,0,0
BRDA:411,87,1,0
BRDA:412,88,0,0
BRDA:412,88,1,0
BRDA:417,89,0,0
BRDA:417,89,1,0
BRDA:422,90,0,0
BRDA:422,90,1,0
BRDA:423,91,0,0
BRDA:423,91,1,0
BRDA:425,92,0,0
BRDA:425,92,1,0
BRDA:426,93,0,0
BRDA:426,93,1,0
BRDA:436,94,0,0
BRDA:436,94,1,0
BRDA:436,95,0,0
BRDA:436,95,1,0
BRDA:437,96,0,0
BRDA:437,96,1,0
BRDA:466,97,0,19
BRDA:466,97,1,19
BRDA:471,98,0,19
BRDA:471,98,1,19
BRDA:478,99,0,19
BRDA:478,99,1,0
BRDA:486,100,0,0
BRDA:486,100,1,19
BRDA:491,101,0,0
BRDA:491,101,1,19
BRDA:501,102,0,0
BRDA:501,102,1,0
BRDA:522,103,0,19
BRDA:522,103,1,19
BRDA:523,104,0,17
BRDA:523,104,1,2
BRDA:575,105,0,19
BRDA:575,105,1,0
BRDA:580,106,0,19
BRDA:580,106,1,19
BRDA:595,107,0,19
BRDA:595,107,1,0
BRDA:598,108,0,19
BRDA:598,108,1,0
BRDA:613,109,0,19
BRDA:613,109,1,0
BRDA:616,110,0,19
BRDA:616,110,1,0
BRDA:626,111,0,19
BRDA:626,111,1,38
BRDA:641,112,0,17
BRDA:641,112,1,2
BRDA:646,113,0,19
BRDA:646,113,1,0
BRDA:647,114,0,17
BRDA:647,114,1,2
BRDA:648,115,0,19
BRDA:648,115,1,19
BRDA:699,116,0,0
BRDA:699,116,1,0
BRDA:728,117,0,0
BRDA:728,117,1,0
BRDA:742,118,0,19
BRDA:742,118,1,0
BRDA:746,119,0,19
BRDA:746,119,1,0
BRDA:772,120,0,0
BRDA:772,120,1,0
BRDA:784,121,0,0
BRDA:784,121,1,0
BRDA:788,122,0,0
BRDA:788,122,1,0
BRDA:831,123,0,0
BRDA:831,123,1,0
BRDA:842,124,0,0
BRDA:842,124,1,0
BRDA:870,125,0,20
BRDA:870,125,1,0
BRDA:904,126,0,20
BRDA:904,126,1,0
BRDA:910,127,0,0
BRDA:910,127,1,0
BRDA:919,128,0,0
BRDA:919,128,1,0
BRDA:919,128,2,0
BRDA:922,129,0,0
BRDA:922,129,1,0
BRDA:922,129,2,0
BRDA:929,130,0,0
BRDA:929,130,1,0
BRDA:962,131,0,0
BRDA:962,131,1,0
BRDA:975,132,0,20
BRDA:975,132,1,0
BRDA:990,133,0,0
BRDA:990,133,1,0
BRDA:990,133,2,0
BRDA:1001,134,0,0
BRDA:1001,134,1,0
BRDA:1001,134,2,0
BRDA:1035,135,0,20
BRDA:1035,135,1,0
BRDA:1046,136,0,0
BRDA:1046,136,1,0
BRDA:1069,137,0,20
BRDA:1069,137,1,0
BRDA:1128,138,0,0
BRDA:1128,138,1,0
BRF:289
BRH:65
end_of_record
TN:
SF:src/app/pages/Settings.tsx
FN:47,loadPrefs
FN:63,Settings
FN:71,(anonymous_2)
FN:72,(anonymous_3)
FN:80,(anonymous_4)
FN:102,(anonymous_5)
FN:103,(anonymous_6)
FN:108,(anonymous_7)
FN:119,(anonymous_8)
FN:122,(anonymous_9)
FN:127,(anonymous_10)
FN:139,(anonymous_11)
FN:148,(anonymous_12)
FN:175,(anonymous_13)
FN:178,(anonymous_14)
FN:228,(anonymous_15)
FN:242,(anonymous_16)
FN:310,(anonymous_17)
FN:328,(anonymous_18)
FN:340,(anonymous_19)
FN:360,(anonymous_20)
FN:371,(anonymous_21)
FN:392,(anonymous_22)
FN:398,(anonymous_23)
FN:404,(anonymous_24)
FN:411,(anonymous_25)
FN:497,(anonymous_26)
FN:516,(anonymous_27)
FN:534,Row
FN:543,SelectRow
FN:559,(anonymous_30)
FN:562,(anonymous_31)
FN:572,SwitchRow
FNF:33
FNH:0
FNDA:0,loadPrefs
FNDA:0,Settings
FNDA:0,(anonymous_2)
FNDA:0,(anonymous_3)
FNDA:0,(anonymous_4)
FNDA:0,(anonymous_5)
FNDA:0,(anonymous_6)
FNDA:0,(anonymous_7)
FNDA:0,(anonymous_8)
FNDA:0,(anonymous_9)
FNDA:0,(anonymous_10)
FNDA:0,(anonymous_11)
FNDA:0,(anonymous_12)
FNDA:0,(anonymous_13)
FNDA:0,(anonymous_14)
FNDA:0,(anonymous_15)
FNDA:0,(anonymous_16)
FNDA:0,(anonymous_17)
FNDA:0,(anonymous_18)
FNDA:0,(anonymous_19)
FNDA:0,(anonymous_20)
FNDA:0,(anonymous_21)
FNDA:0,(anonymous_22)
FNDA:0,(anonymous_23)
FNDA:0,(anonymous_24)
FNDA:0,(anonymous_25)
FNDA:0,(anonymous_26)
FNDA:0,(anonymous_27)
FNDA:0,Row
FNDA:0,SelectRow
FNDA:0,(anonymous_30)
FNDA:0,(anonymous_31)
FNDA:0,SwitchRow
DA:33,0
DA:48,0
DA:64,0
DA:65,0
DA:66,0
DA:67,0
DA:68,0
DA:71,0
DA:72,0
DA:75,0
DA:76,0
DA:77,0
DA:78,0
DA:80,0
DA:84,0
DA:85,0
DA:86,0
DA:87,0
DA:94,0
DA:102,0
DA:103,0
DA:104,0
DA:108,0
DA:109,0
DA:110,0
DA:111,0
DA:112,0
DA:113,0
DA:114,0
DA:115,0
DA:116,0
DA:118,0
DA:119,0
DA:122,0
DA:123,0
DA:124,0
DA:127,0
DA:128,0
DA:129,0
DA:133,0
DA:134,0
DA:135,0
DA:139,0
DA:140,0
DA:141,0
DA:142,0
DA:144,0
DA:148,0
DA:149,0
DA:150,0
DA:151,0
DA:153,0
DA:154,0
DA:157,0
DA:158,0
DA:159,0
DA:162,0
DA:168,0
DA:176,0
DA:178,0
DA:229,0
DA:243,0
DA:310,0
DA:328,0
DA:340,0
DA:360,0
DA:371,0
DA:392,0
DA:398,0
DA:404,0
DA:411,0
DA:497,0
DA:516,0
DA:535,0
DA:554,0
DA:559,0
DA:563,0
DA:583,0
LF:78
LH:0
BRDA:75,0,0,0
BRDA:75,0,1,0
BRDA:76,1,0,0
BRDA:76,1,1,0
BRDA:77,2,0,0
BRDA:77,2,1,0
BRDA:84,3,0,0
BRDA:84,3,1,0
BRDA:85,4,0,0
BRDA:85,4,1,0
BRDA:86,5,0,0
BRDA:86,5,1,0
BRDA:87,6,0,0
BRDA:87,6,1,0
BRDA:94,7,0,0
BRDA:94,7,1,0
BRDA:151,8,0,0
BRDA:151,8,1,0
BRDA:153,9,0,0
BRDA:153,9,1,0
BRDA:153,10,0,0
BRDA:153,10,1,0
BRDA:154,11,0,0
BRDA:154,11,1,0
BRDA:180,12,0,0
BRDA:180,12,1,0
BRDA:196,13,0,0
BRDA:196,13,1,0
BRDA:227,14,0,0
BRDA:227,14,1,0
BRDA:241,15,0,0
BRDA:241,15,1,0
BRDA:256,16,0,0
BRDA:256,16,1,0
BRDA:261,17,0,0
BRDA:261,17,1,0
BRDA:264,18,0,0
BRDA:264,18,1,0
BRDA:291,19,0,0
BRDA:291,19,1,0
BRDA:429,20,0,0
BRDA:429,20,1,0
BRDA:437,21,0,0
BRDA:437,21,1,0
BRDA:458,22,0,0
BRDA:458,22,1,0
BRDA:463,23,0,0
BRDA:463,23,1,0
BRDA:466,24,0,0
BRDA:466,24,1,0
BRDA:495,25,0,0
BRDA:495,25,1,0
BRF:52
BRH:0
end_of_record
